[INFO] pom.xml: Rascal version is 0.42.2
[INFO] pom.xml: Project root is |file:///mnt/data/fix_ple4/proyecto_rascal/|
[INFO] pom.xml: Bin folder   is |file:///mnt/data/fix_ple4/proyecto_rascal/target/classes|
[INFO] pom.xml: Source module path is:
  - |std:///|
  - |file:///mnt/data/fix_ple4/proyecto_rascal/src/main/rascal|
[INFO] pom.xml: Library module (and classes) path is:
  - |file:///mnt/data/fix_ple4/proyecto_rascal/rascal-shell-stable.jar|
2026-05-30T03:48:14.557782278Z main ERROR Log4j API could not find a logging provider.
rascal>Job: loading modules
Job: loading modules
Job: Generating parser; STRING CHAR VarDecl Invocation FLOAT Variables Quantifier Number NotExp ArithOp Statement FileImport INT Expression AttributeList OrExp RelOp Rule Attribute ID TopExp Primary Body BoolLiteral MainModule RelExp Domain Operator AndExp Space
ok
rascal>|prompt:///|(0,7,<1,0>,<1,7>): Undeclared variable: println
Advice: |https://www.rascal-mpl.org/docs/Rascal/Errors/CompileTimeErrors/UndeclaredVariable|
rascal>{"success":true,"module":"VeriLang","parseOk":true,"typeCheckOk":true,"semanticOk":true,"typeErrors":[],"semanticErrors":[],"output":["defmodule MiModulo\nusing LibA\nusing LibB\n\ndefspace reales end\ndefspace Set end\ndefspace Element end\ndefvar x : int end\ndefvar y : int end\ndefvar a : Set end\ndefvar b : Set end\ndefvar r : bool end\ndefvar s : bool end\ndefvar abs : int end\ndefspace enteros < reales end\ndefoperator suma : int -> int -> int end\ndefoperator resta : real -> real end\ndefoperator inter : Set -> Set -> Set end\ndefoperator union : Set -> Set -> Set end\ndefoperator min : Set -> int -> bool end\ndefoperator isIn : Element -> Set -> bool end\ndefrule (suma x y) -> (suma y x) end\n[conmutative:bool asociative:int]\ndefexpression (forall x in Set . ((b inter a) = a)) end\ndefexpression (defer y in Set . (y min 0)) end\ndefexpression (abs ≡ 0) end\ndefexpression (not r and s or r) end\ndefexpression (defer x in Set . r and s) end\ndefexpression (forall x in Element . (forall S in Set . (forall U in Set . x isIn (S union U)))) end\ndefexpression (forall y in Set . y = y) end\nend"],"error":"","codigoFormateado":"defmodule MiModulo\nusing LibA\nusing LibB\n\ndefspace reales end\ndefspace Set end\ndefspace Element end\ndefvar x : int end\ndefvar y : int end\ndefvar a : Set end\ndefvar b : Set end\ndefvar r : bool end\ndefvar s : bool end\ndefvar abs : int end\ndefspace enteros < reales end\ndefoperator suma : int -> int -> int end\ndefoperator resta : real -> real end\ndefoperator inter : Set -> Set -> Set end\ndefoperator union : Set -> Set -> Set end\ndefoperator min : Set -> int -> bool end\ndefoperator isIn : Element -> Set -> bool end\ndefrule (suma x y) -> (suma y x) end\n[conmutative:bool asociative:int]\ndefexpression (forall x in Set . ((b inter a) = a)) end\ndefexpression (defer y in Set . (y min 0)) end\ndefexpression (abs ≡ 0) end\ndefexpression (not r and s or r) end\ndefexpression (defer x in Set . r and s) end\ndefexpression (forall x in Element . (forall S in Set . (forall U in Set . x isIn (S union U)))) end\ndefexpression (forall y in Set . y = y) end\nend","resumen":"Programa VeriLang parseado, chequeado y generado correctamente."}
ok
rascal>|prompt:///|(0,7,<1,0>,<1,7>): Undeclared variable: println
Advice: |https://www.rascal-mpl.org/docs/Rascal/Errors/CompileTimeErrors/UndeclaredVariable|
rascal>{"success":true,"module":"VeriLang","parseOk":true,"typeCheckOk":true,"semanticOk":true,"typeErrors":[],"semanticErrors":[],"output":["defmodule Test\n\n\ndefspace Reals end\ndefspace Integer < Reals end\ndefspace Set end\ndefvar x : int y : int s : Set t : Set b : bool end\ndefoperator union : Set -> Set -> Set end\ndefoperator suma : int -> int -> int end\ndefrule (suma x y) -> (suma y x) end\ndefexpression x = y end\ndefexpression s union t end\ndefexpression b end\nend"],"error":"","codigoFormateado":"defmodule Test\n\n\ndefspace Reals end\ndefspace Integer < Reals end\ndefspace Set end\ndefvar x : int y : int s : Set t : Set b : bool end\ndefoperator union : Set -> Set -> Set end\ndefoperator suma : int -> int -> int end\ndefrule (suma x y) -> (suma y x) end\ndefexpression x = y end\ndefexpression s union t end\ndefexpression b end\nend","resumen":"Programa VeriLang parseado, chequeado y generado correctamente."}
ok
rascal>|prompt:///|(0,7,<1,0>,<1,7>): Undeclared variable: println
Advice: |https://www.rascal-mpl.org/docs/Rascal/Errors/CompileTimeErrors/UndeclaredVariable|
rascal>{"success":true,"module":"VeriLang","parseOk":true,"typeCheckOk":true,"semanticOk":true,"typeErrors":[],"semanticErrors":[],"output":["defmodule Test2\n\n\ndefoperator negation : bool -> bool end\ndefvar p : bool z : bool end\ndefrule (negation p) -> (negation z) end\nend"],"error":"","codigoFormateado":"defmodule Test2\n\n\ndefoperator negation : bool -> bool end\ndefvar p : bool z : bool end\ndefrule (negation p) -> (negation z) end\nend","resumen":"Programa VeriLang parseado, chequeado y generado correctamente."}
ok
rascal>|prompt:///|(0,7,<1,0>,<1,7>): Undeclared variable: println
Advice: |https://www.rascal-mpl.org/docs/Rascal/Errors/CompileTimeErrors/UndeclaredVariable|
rascal>{"success":true,"module":"VeriLang","parseOk":true,"typeCheckOk":true,"semanticOk":true,"typeErrors":[],"semanticErrors":[],"output":["defmodule TypedSpaceGood\n\n\ndefspace Element end\ndefspace Set : Element end\ndefvar e : Element s : Set end\ndefoperator belongsTo : Element -> Set -> bool end\ndefexpression e belongsTo s end\nend"],"error":"","codigoFormateado":"defmodule TypedSpaceGood\n\n\ndefspace Element end\ndefspace Set : Element end\ndefvar e : Element s : Set end\ndefoperator belongsTo : Element -> Set -> bool end\ndefexpression e belongsTo s end\nend","resumen":"Programa VeriLang parseado, chequeado y generado correctamente."}
ok
rascal>|prompt:///|(0,7,<1,0>,<1,7>): Undeclared variable: println
Advice: |https://www.rascal-mpl.org/docs/Rascal/Errors/CompileTimeErrors/UndeclaredVariable|
rascal>{"success":true,"module":"VeriLang","parseOk":true,"typeCheckOk":true,"semanticOk":true,"typeErrors":[],"semanticErrors":[],"output":["defmodule TypedSpaceQuantifierGood\n\n\ndefspace Element end\ndefspace Set : Element end\ndefvar s : Set end\ndefoperator belongsTo : Element -> Set -> bool end\ndefexpression (forall e in Set . e belongsTo s) end\nend"],"error":"","codigoFormateado":"defmodule TypedSpaceQuantifierGood\n\n\ndefspace Element end\ndefspace Set : Element end\ndefvar s : Set end\ndefoperator belongsTo : Element -> Set -> bool end\ndefexpression (forall e in Set . e belongsTo s) end\nend","resumen":"Programa VeriLang parseado, chequeado y generado correctamente."}
ok
rascal>|prompt:///|(0,7,<1,0>,<1,7>): Undeclared variable: println
Advice: |https://www.rascal-mpl.org/docs/Rascal/Errors/CompileTimeErrors/UndeclaredVariable|
rascal>{"success":true,"module":"VeriLang","parseOk":true,"typeCheckOk":true,"semanticOk":true,"typeErrors":[],"semanticErrors":[],"output":["defmodule TypeExamples\n\n\ndefspace Person end\ndefspace Group : Person end\ndefvar age : int otherAge : int active : bool verified : bool score : real otherScore : real name : string otherName : string initial : char otherInitial : char p : Person q : Person g : Group end\ndefoperator samePerson : Person -> Person -> bool end\ndefoperator belongsTo : Person -> Group -> bool end\ndefoperator combineScores : real -> real -> real end\ndefexpression age = otherAge end\ndefexpression active and verified end\ndefexpression score = otherScore end\ndefexpression name = otherName end\ndefexpression initial = otherInitial end\ndefexpression p = q end\ndefexpression p belongsTo g end\ndefexpression p samePerson q end\ndefexpression (forall member in Group . member belongsTo g) end\nend"],"error":"","codigoFormateado":"defmodule TypeExamples\n\n\ndefspace Person end\ndefspace Group : Person end\ndefvar age : int otherAge : int active : bool verified : bool score : real otherScore : real name : string otherName : string initial : char otherInitial : char p : Person q : Person g : Group end\ndefoperator samePerson : Person -> Person -> bool end\ndefoperator belongsTo : Person -> Group -> bool end\ndefoperator combineScores : real -> real -> real end\ndefexpression age = otherAge end\ndefexpression active and verified end\ndefexpression score = otherScore end\ndefexpression name = otherName end\ndefexpression initial = otherInitial end\ndefexpression p = q end\ndefexpression p belongsTo g end\ndefexpression p samePerson q end\ndefexpression (forall member in Group . member belongsTo g) end\nend","resumen":"Programa VeriLang parseado, chequeado y generado correctamente."}
ok
rascal>|prompt:///|(0,7,<1,0>,<1,7>): Undeclared variable: println
Advice: |https://www.rascal-mpl.org/docs/Rascal/Errors/CompileTimeErrors/UndeclaredVariable|
rascal>{"success":false,"module":"VeriLang","parseOk":true,"typeCheckOk":false,"semanticOk":false,"typeErrors":["error(\"El lado izquierdo de and debe tener tipo booleano\",|cwd:///instance/errors/spec_logic_error.vl|(80,1,<8,14>,<8,15>),fixes=[],causes=[])"],"semanticErrors":["error(\"El lado izquierdo de and debe tener tipo booleano\",|cwd:///instance/errors/spec_logic_error.vl|(80,1,<8,14>,<8,15>),fixes=[],causes=[])"],"output":[],"error":"","codigoFormateado":"","resumen":"El programa VeriLang contiene errores semanticos."}
ok
rascal>|prompt:///|(0,7,<1,0>,<1,7>): Undeclared variable: println
Advice: |https://www.rascal-mpl.org/docs/Rascal/Errors/CompileTimeErrors/UndeclaredVariable|
rascal>{"success":false,"module":"VeriLang","parseOk":true,"typeCheckOk":false,"semanticOk":false,"typeErrors":["error(\"El lado izquierdo del operador no coincide con su firma\",|cwd:///instance/errors/spec_operator_error.vl|(212,3,<15,14>,<15,17>),fixes=[],causes=[])"],"semanticErrors":["error(\"El lado izquierdo del operador no coincide con su firma\",|cwd:///instance/errors/spec_operator_error.vl|(212,3,<15,14>,<15,17>),fixes=[],causes=[])"],"output":[],"error":"","codigoFormateado":"","resumen":"El programa VeriLang contiene errores semanticos."}
ok
rascal>|prompt:///|(0,7,<1,0>,<1,7>): Undeclared variable: println
Advice: |https://www.rascal-mpl.org/docs/Rascal/Errors/CompileTimeErrors/UndeclaredVariable|
rascal>{"success":false,"module":"VeriLang","parseOk":true,"typeCheckOk":false,"semanticOk":false,"typeErrors":["error(\"El primer argumento no coincide con el tipo esperado por el operador\",|cwd:///instance/errors/spec_rule_error.vl|(135,1,<10,28>,<10,29>),fixes=[],causes=[])", "error(\"El segundo argumento no coincide con el tipo esperado por el operador\",|cwd:///instance/errors/spec_rule_error.vl|(123,1,<10,16>,<10,17>),fixes=[],causes=[])"],"semanticErrors":["error(\"El primer argumento no coincide con el tipo esperado por el operador\",|cwd:///instance/errors/spec_rule_error.vl|(135,1,<10,28>,<10,29>),fixes=[],causes=[])", "error(\"El segundo argumento no coincide con el tipo esperado por el operador\",|cwd:///instance/errors/spec_rule_error.vl|(123,1,<10,16>,<10,17>),fixes=[],causes=[])"],"output":[],"error":"","codigoFormateado":"","resumen":"El programa VeriLang contiene errores semanticos."}
ok
rascal>|prompt:///|(0,7,<1,0>,<1,7>): Undeclared variable: println
Advice: |https://www.rascal-mpl.org/docs/Rascal/Errors/CompileTimeErrors/UndeclaredVariable|
rascal>{"success":false,"module":"VeriLang","parseOk":true,"typeCheckOk":false,"semanticOk":false,"typeErrors":["error(\"Los dos lados de la relacion deben tener el mismo tipo\",|cwd:///instance/errors/spec_type_error.vl|(79,5,<8,14>,<8,19>),fixes=[],causes=[])"],"semanticErrors":["error(\"Los dos lados de la relacion deben tener el mismo tipo\",|cwd:///instance/errors/spec_type_error.vl|(79,5,<8,14>,<8,19>),fixes=[],causes=[])"],"output":[],"error":"","codigoFormateado":"","resumen":"El programa VeriLang contiene errores semanticos."}
ok
rascal>|prompt:///|(0,7,<1,0>,<1,7>): Undeclared variable: println
Advice: |https://www.rascal-mpl.org/docs/Rascal/Errors/CompileTimeErrors/UndeclaredVariable|
rascal>{"success":false,"module":"VeriLang","parseOk":true,"typeCheckOk":false,"semanticOk":false,"typeErrors":["error(\"El lado izquierdo del operador no coincide con su firma\",|cwd:///instance/errors/spec_typed_space_quantifier_type_error.vl|(248,1,<13,33>,<13,34>),fixes=[],causes=[])"],"semanticErrors":["error(\"El lado izquierdo del operador no coincide con su firma\",|cwd:///instance/errors/spec_typed_space_quantifier_type_error.vl|(248,1,<13,33>,<13,34>),fixes=[],causes=[])"],"output":[],"error":"","codigoFormateado":"","resumen":"El programa VeriLang contiene errores semanticos."}
ok
rascal>|prompt:///|(0,7,<1,0>,<1,7>): Undeclared variable: println
Advice: |https://www.rascal-mpl.org/docs/Rascal/Errors/CompileTimeErrors/UndeclaredVariable|
rascal>{"success":false,"module":"VeriLang","parseOk":true,"typeCheckOk":false,"semanticOk":false,"typeErrors":["error(\"Undefined space `Element`\",|cwd:///instance/errors/spec_typed_space_unknown_element_error.vl|(56,7,<3,15>,<3,22>),fixes=[])"],"semanticErrors":["error(\"Undefined space `Element`\",|cwd:///instance/errors/spec_typed_space_unknown_element_error.vl|(56,7,<3,15>,<3,22>),fixes=[])"],"output":[],"error":"","codigoFormateado":"","resumen":"El programa VeriLang contiene errores semanticos."}
ok
rascal>|prompt:///|(0,7,<1,0>,<1,7>): Undeclared variable: println
Advice: |https://www.rascal-mpl.org/docs/Rascal/Errors/CompileTimeErrors/UndeclaredVariable|
rascal>{"success":false,"module":"VeriLang","parseOk":true,"typeCheckOk":false,"semanticOk":false,"typeErrors":["error(\"Undefined space `Person`\",|cwd:///instance/errors/spec_unknown_space_error.vl|(46,6,<3,17>,<3,23>),fixes=[])"],"semanticErrors":["error(\"Undefined space `Person`\",|cwd:///instance/errors/spec_unknown_space_error.vl|(46,6,<3,17>,<3,23>),fixes=[])"],"output":[],"error":"","codigoFormateado":"","resumen":"El programa VeriLang contiene errores semanticos."}
ok
rascal>Quiting REPL
